[1/3] Installation des dependances de build
Defaulting to user installation because normal site-packages is not writeable
Requirement already satisfied: pip in /home/alteralsace/.local/lib/python3.10/site-packages (26.0.1)
Defaulting to user installation because normal site-packages is not writeable
Requirement already satisfied: pandas in /home/alteralsace/.local/lib/python3.10/site-packages (from -r requirements.txt (line 1)) (2.2.2)
Requirement already satisfied: openpyxl in /home/alteralsace/.local/lib/python3.10/site-packages (from -r requirements.txt (line 2)) (3.1.5)
Requirement already satisfied: xlrd in /home/alteralsace/.local/lib/python3.10/site-packages (from -r requirements.txt (line 3)) (2.0.2)
Requirement already satisfied: PySide6 in /home/alteralsace/.local/lib/python3.10/site-packages (from -r requirements.txt (line 4)) (6.11.0)
Requirement already satisfied: rich in /home/alteralsace/.local/lib/python3.10/site-packages (from -r requirements.txt (line 5)) (14.3.3)
Requirement already satisfied: odfpy in /home/alteralsace/.local/lib/python3.10/site-packages (from -r requirements.txt (line 6)) (1.4.1)
Requirement already satisfied: pyinstaller>=6.0 in /home/alteralsace/.local/lib/python3.10/site-packages (from -r requirements-build.txt (line 1)) (6.9.0)
Requirement already satisfied: numpy>=1.22.4 in /home/alteralsace/.local/lib/python3.10/site-packages (from pandas->-r requirements.txt (line 1)) (1.26.4)
Requirement already satisfied: python-dateutil>=2.8.2 in /home/alteralsace/.local/lib/python3.10/site-packages (from pandas->-r requirements.txt (line 1)) (2.9.0.post0)
Requirement already satisfied: pytz>=2020.1 in /home/alteralsace/.local/lib/python3.10/site-packages (from pandas->-r requirements.txt (line 1)) (2024.1)
Requirement already satisfied: tzdata>=2022.7 in /home/alteralsace/.local/lib/python3.10/site-packages (from pandas->-r requirements.txt (line 1)) (2024.1)
Requirement already satisfied: et-xmlfile in /home/alteralsace/.local/lib/python3.10/site-packages (from openpyxl->-r requirements.txt (line 2)) (2.0.0)
Requirement already satisfied: shiboken6==6.11.0 in /home/alteralsace/.local/lib/python3.10/site-packages (from PySide6->-r requirements.txt (line 4)) (6.11.0)
Requirement already satisfied: PySide6_Essentials==6.11.0 in /home/alteralsace/.local/lib/python3.10/site-packages (from PySide6->-r requirements.txt (line 4)) (6.11.0)
Requirement already satisfied: PySide6_Addons==6.11.0 in /home/alteralsace/.local/lib/python3.10/site-packages (from PySide6->-r requirements.txt (line 4)) (6.11.0)
Requirement already satisfied: markdown-it-py>=2.2.0 in /home/alteralsace/.local/lib/python3.10/site-packages (from rich->-r requirements.txt (line 5)) (4.0.0)
Requirement already satisfied: pygments<3.0.0,>=2.13.0 in /home/alteralsace/.local/lib/python3.10/site-packages (from rich->-r requirements.txt (line 5)) (2.20.0)
Requirement already satisfied: defusedxml in /home/alteralsace/.local/lib/python3.10/site-packages (from odfpy->-r requirements.txt (line 6)) (0.7.1)
Requirement already satisfied: setuptools>=42.0.0 in /usr/lib/python3/dist-packages (from pyinstaller>=6.0->-r requirements-build.txt (line 1)) (59.6.0)
Requirement already satisfied: altgraph in /home/alteralsace/.local/lib/python3.10/site-packages (from pyinstaller>=6.0->-r requirements-build.txt (line 1)) (0.17.4)
Requirement already satisfied: pyinstaller-hooks-contrib>=2024.7 in /home/alteralsace/.local/lib/python3.10/site-packages (from pyinstaller>=6.0->-r requirements-build.txt (line 1)) (2024.7)
Requirement already satisfied: packaging>=22.0 in /home/alteralsace/.local/lib/python3.10/site-packages (from pyinstaller>=6.0->-r requirements-build.txt (line 1)) (24.1)
Requirement already satisfied: mdurl~=0.1 in /home/alteralsace/.local/lib/python3.10/site-packages (from markdown-it-py>=2.2.0->rich->-r requirements.txt (line 5)) (0.1.2)
Requirement already satisfied: six>=1.5 in /usr/lib/python3/dist-packages (from python-dateutil>=2.8.2->pandas->-r requirements.txt (line 1)) (1.16.0)
[2/3] Nettoyage
[3/3] Build Linux autonome (onefile)
198 INFO: PyInstaller: 6.9.0, contrib hooks: 2024.7
198 INFO: Python: 3.10.12
200 INFO: Platform: Linux-6.8.0-106-generic-x86_64-with-glibc2.35
200 INFO: Python environment: /usr
201 INFO: wrote /var/www/projects/searchDoubleDataInXLS/duplicate-finder/duplicate-finder.spec
202 INFO: Removing temporary files and cleaning cache in /home/alteralsace/.cache/pyinstaller
202 INFO: Module search paths (PYTHONPATH):
['/var/www/projects/searchDoubleDataInXLS/duplicate-finder',
 '/usr/lib/python310.zip',
 '/usr/lib/python3.10',
 '/usr/lib/python3.10/lib-dynload',
 '/home/alteralsace/.local/lib/python3.10/site-packages',
 '/usr/local/lib/python3.10/dist-packages',
 '/usr/lib/python3/dist-packages',
 '/var/www/projects/searchDoubleDataInXLS/duplicate-finder/src']
506 INFO: checking Analysis
507 INFO: Building Analysis because Analysis-00.toc is non existent
507 INFO: Running Analysis Analysis-00.toc
507 INFO: Target bytecode optimization level: 0
507 INFO: Initializing module dependency graph...
507 INFO: Caching module graph hooks...
516 INFO: Analyzing base_library.zip ...
1184 INFO: Loading module hook 'hook-heapq.py' from '/home/alteralsace/.local/lib/python3.10/site-packages/PyInstaller/hooks'...
1255 INFO: Loading module hook 'hook-encodings.py' from '/home/alteralsace/.local/lib/python3.10/site-packages/PyInstaller/hooks'...
2794 INFO: Loading module hook 'hook-pickle.py' from '/home/alteralsace/.local/lib/python3.10/site-packages/PyInstaller/hooks'...
4066 INFO: Caching module dependency graph...
4167 INFO: Looking for Python shared library...
4189 WARNING: Unrecognised line of output 'Cache généré par : ldconfig (Ubuntu GLIBC 2.35-0ubuntu3.13) stable release version 2.35' from ldconfig
4189 INFO: Using Python shared library: /lib/x86_64-linux-gnu/libpython3.10.so.1.0
4189 INFO: Analyzing /var/www/projects/searchDoubleDataInXLS/duplicate-finder/src/main.py
4205 INFO: Loading module hook 'hook-PySide6.py' from '/home/alteralsace/.local/lib/python3.10/site-packages/PyInstaller/hooks'...
4395 INFO: Loading module hook 'hook-shiboken6.py' from '/home/alteralsace/.local/lib/python3.10/site-packages/PyInstaller/hooks'...
4418 INFO: Loading module hook 'hook-PySide6.QtNetwork.py' from '/home/alteralsace/.local/lib/python3.10/site-packages/PyInstaller/hooks'...
4824 INFO: Loading module hook 'hook-PySide6.QtCore.py' from '/home/alteralsace/.local/lib/python3.10/site-packages/PyInstaller/hooks'...
4993 INFO: Loading module hook 'hook-PySide6.QtWidgets.py' from '/home/alteralsace/.local/lib/python3.10/site-packages/PyInstaller/hooks'...
5163 INFO: Loading module hook 'hook-pandas.py' from '/home/alteralsace/.local/lib/python3.10/site-packages/PyInstaller/hooks'...
6616 INFO: Loading module hook 'hook-platform.py' from '/home/alteralsace/.local/lib/python3.10/site-packages/PyInstaller/hooks'...
6639 INFO: Loading module hook 'hook-sysconfig.py' from '/home/alteralsace/.local/lib/python3.10/site-packages/PyInstaller/hooks'...
6669 INFO: Loading module hook 'hook-numpy.py' from '/home/alteralsace/.local/lib/python3.10/site-packages/numpy/_pyinstaller'...
7233 INFO: Loading module hook 'hook-difflib.py' from '/home/alteralsace/.local/lib/python3.10/site-packages/PyInstaller/hooks'...
7437 INFO: Loading module hook 'hook-multiprocessing.util.py' from '/home/alteralsace/.local/lib/python3.10/site-packages/PyInstaller/hooks'...
7565 INFO: Loading module hook 'hook-xml.py' from '/home/alteralsace/.local/lib/python3.10/site-packages/PyInstaller/hooks'...
8610 INFO: Loading module hook 'hook-psutil.py' from '/home/alteralsace/.local/lib/python3.10/site-packages/_pyinstaller_hooks_contrib/hooks/stdhooks'...
10237 INFO: Loading module hook 'hook-pytz.py' from '/home/alteralsace/.local/lib/python3.10/site-packages/PyInstaller/hooks'...
10385 INFO: Loading module hook 'hook-pkg_resources.py' from '/home/alteralsace/.local/lib/python3.10/site-packages/PyInstaller/hooks'...
13210 INFO: Loading module hook 'hook-pandas.io.formats.style.py' from '/home/alteralsace/.local/lib/python3.10/site-packages/PyInstaller/hooks'...
15232 INFO: Loading module hook 'hook-pandas.plotting.py' from '/home/alteralsace/.local/lib/python3.10/site-packages/PyInstaller/hooks'...
16083 INFO: Loading module hook 'hook-xml.dom.domreg.py' from '/home/alteralsace/.local/lib/python3.10/site-packages/PyInstaller/hooks'...
16588 INFO: Loading module hook 'hook-xml.etree.cElementTree.py' from '/home/alteralsace/.local/lib/python3.10/site-packages/PyInstaller/hooks'...
16824 INFO: Loading module hook 'hook-openpyxl.py' from '/home/alteralsace/.local/lib/python3.10/site-packages/_pyinstaller_hooks_contrib/hooks/stdhooks'...
17440 INFO: Loading module hook 'hook-PIL.py' from '/home/alteralsace/.local/lib/python3.10/site-packages/PyInstaller/hooks'...
17500 INFO: Loading module hook 'hook-PIL.Image.py' from '/home/alteralsace/.local/lib/python3.10/site-packages/PyInstaller/hooks'...
17839 INFO: Loading module hook 'hook-pycparser.py' from '/home/alteralsace/.local/lib/python3.10/site-packages/_pyinstaller_hooks_contrib/hooks/stdhooks'...
18379 INFO: Processing pre-safe import module hook distutils from '/home/alteralsace/.local/lib/python3.10/site-packages/PyInstaller/hooks/pre_safe_import_module/hook-distutils.py'.
18379 INFO: Processing pre-find module path hook distutils from '/home/alteralsace/.local/lib/python3.10/site-packages/PyInstaller/hooks/pre_find_module_path/hook-distutils.py'.
18380 INFO: Loading module hook 'hook-distutils.py' from '/home/alteralsace/.local/lib/python3.10/site-packages/PyInstaller/hooks'...
18428 INFO: Loading module hook 'hook-distutils.util.py' from '/home/alteralsace/.local/lib/python3.10/site-packages/PyInstaller/hooks'...
18562 INFO: Loading module hook 'hook-setuptools.py' from '/home/alteralsace/.local/lib/python3.10/site-packages/PyInstaller/hooks'...
19933 INFO: Loading module hook 'hook-importlib_metadata.py' from '/home/alteralsace/.local/lib/python3.10/site-packages/PyInstaller/hooks'...
20103 INFO: Loading module hook 'hook-httplib2.py' from '/home/alteralsace/.local/lib/python3.10/site-packages/_pyinstaller_hooks_contrib/hooks/stdhooks'...
20325 INFO: Loading module hook 'hook-certifi.py' from '/home/alteralsace/.local/lib/python3.10/site-packages/_pyinstaller_hooks_contrib/hooks/stdhooks'...
20710 INFO: Loading module hook 'hook-cryptography.py' from '/home/alteralsace/.local/lib/python3.10/site-packages/_pyinstaller_hooks_contrib/hooks/stdhooks'...
22056 INFO: Processing pre-safe import module hook six.moves from '/home/alteralsace/.local/lib/python3.10/site-packages/PyInstaller/hooks/pre_safe_import_module/hook-six.moves.py'.
22137 INFO: Loading module hook 'hook-keyring.py' from '/home/alteralsace/.local/lib/python3.10/site-packages/PyInstaller/hooks'...
23185 INFO: Loading module hook 'hook-PIL.ImageFilter.py' from '/home/alteralsace/.local/lib/python3.10/site-packages/PyInstaller/hooks'...
24711 INFO: Loading module hook 'hook-sqlalchemy.py' from '/home/alteralsace/.local/lib/python3.10/site-packages/PyInstaller/hooks'...
29277 INFO: Loading module hook 'hook-sqlite3.py' from '/home/alteralsace/.local/lib/python3.10/site-packages/PyInstaller/hooks'...
29590 INFO: Loading module hook 'hook-pandas.io.clipboard.py' from '/home/alteralsace/.local/lib/python3.10/site-packages/PyInstaller/hooks'...
31293 INFO: Loading module hook 'hook-charset_normalizer.py' from '/home/alteralsace/.local/lib/python3.10/site-packages/_pyinstaller_hooks_contrib/hooks/stdhooks'...
31533 INFO: Loading module hook 'hook-PySide6.QtGui.py' from '/home/alteralsace/.local/lib/python3.10/site-packages/PyInstaller/hooks'...
32570 INFO: Analyzing hidden import 'odfpy'
32570 ERROR: Hidden import 'odfpy' not found
32570 INFO: Processing module hooks...
32623 INFO: Loading module hook 'hook-setuptools.msvc.py' from '/home/alteralsace/.local/lib/python3.10/site-packages/PyInstaller/hooks'...
33054 WARNING: Hidden import "jinja2" not found!
33068 INFO: Processing pre-safe import module hook win32com from '/home/alteralsace/.local/lib/python3.10/site-packages/_pyinstaller_hooks_contrib/hooks/pre_safe_import_module/hook-win32com.py'.
33332 INFO: Loading module hook 'hook-packaging.py' from '/home/alteralsace/.local/lib/python3.10/site-packages/PyInstaller/hooks'...
33773 INFO: Loading module hook 'hook-PIL.SpiderImagePlugin.py' from '/home/alteralsace/.local/lib/python3.10/site-packages/PyInstaller/hooks'...
34050 INFO: Processing pre-safe import module hook gi from '/home/alteralsace/.local/lib/python3.10/site-packages/PyInstaller/hooks/pre_safe_import_module/hook-gi.py'.
34109 INFO: Loading module hook 'hook-gi.py' from '/home/alteralsace/.local/lib/python3.10/site-packages/PyInstaller/hooks'...
34164 INFO: Processing pre-safe import module hook gi.repository.Gio from '/home/alteralsace/.local/lib/python3.10/site-packages/PyInstaller/hooks/pre_safe_import_module/hook-gi.repository.Gio.py'.
34165 INFO: Loading module hook 'hook-gi.repository.Gio.py' from '/home/alteralsace/.local/lib/python3.10/site-packages/PyInstaller/hooks'...
34605 INFO: Processing pre-safe import module hook gi.repository.GLib from '/home/alteralsace/.local/lib/python3.10/site-packages/PyInstaller/hooks/pre_safe_import_module/hook-gi.repository.GLib.py'.
34606 INFO: Loading module hook 'hook-gi.repository.GLib.py' from '/home/alteralsace/.local/lib/python3.10/site-packages/PyInstaller/hooks'...
34629 INFO: Processing pre-safe import module hook gi.repository.GObject from '/home/alteralsace/.local/lib/python3.10/site-packages/PyInstaller/hooks/pre_safe_import_module/hook-gi.repository.GObject.py'.
34632 INFO: Loading module hook 'hook-PySide6.QtDBus.py' from '/home/alteralsace/.local/lib/python3.10/site-packages/PyInstaller/hooks'...
34795 INFO: Loading module hook 'hook-sqlalchemy.py' from '/home/alteralsace/.local/lib/python3.10/site-packages/PyInstaller/hooks'...
35138 WARNING: Hidden import "pysqlite2" not found!
35138 WARNING: Hidden import "MySQLdb" not found!
35138 WARNING: Hidden import "psycopg2" not found!
36158 INFO: Loading module hook 'hook-gi.repository.GLib.py' from '/home/alteralsace/.local/lib/python3.10/site-packages/PyInstaller/hooks'...
37347 INFO: Loading module hook 'hook-gi.repository.GObject.py' from '/home/alteralsace/.local/lib/python3.10/site-packages/PyInstaller/hooks'...
37815 INFO: Performing binary vs. data reclassification (869 entries)
38191 INFO: Looking for ctypes DLLs
38231 WARNING: Library msvcrt required via ctypes not found
38251 WARNING: Library user32 required via ctypes not found
38328 INFO: Analyzing run-time hooks ...
38341 INFO: Including run-time hook '/home/alteralsace/.local/lib/python3.10/site-packages/PyInstaller/hooks/rthooks/pyi_rth_inspect.py'
38346 INFO: Including run-time hook '/home/alteralsace/.local/lib/python3.10/site-packages/PyInstaller/hooks/rthooks/pyi_rth_pkgutil.py'
38349 INFO: Processing pre-find module path hook _pyi_rth_utils from '/home/alteralsace/.local/lib/python3.10/site-packages/PyInstaller/hooks/pre_find_module_path/hook-_pyi_rth_utils.py'.
38350 INFO: Loading module hook 'hook-_pyi_rth_utils.py' from '/home/alteralsace/.local/lib/python3.10/site-packages/PyInstaller/hooks'...
38351 INFO: Including run-time hook '/home/alteralsace/.local/lib/python3.10/site-packages/PyInstaller/hooks/rthooks/pyi_rth_multiprocessing.py'
38355 INFO: Including run-time hook '/home/alteralsace/.local/lib/python3.10/site-packages/PyInstaller/hooks/rthooks/pyi_rth_glib.py'
38356 INFO: Including run-time hook '/home/alteralsace/.local/lib/python3.10/site-packages/PyInstaller/hooks/rthooks/pyi_rth_gio.py'
38357 INFO: Including run-time hook '/home/alteralsace/.local/lib/python3.10/site-packages/PyInstaller/hooks/rthooks/pyi_rth_gi.py'
38358 INFO: Including run-time hook '/home/alteralsace/.local/lib/python3.10/site-packages/_pyinstaller_hooks_contrib/hooks/rthooks/pyi_rth_cryptography_openssl.py'
38359 INFO: Including run-time hook '/home/alteralsace/.local/lib/python3.10/site-packages/PyInstaller/hooks/rthooks/pyi_rth_setuptools.py'
38360 INFO: Including run-time hook '/home/alteralsace/.local/lib/python3.10/site-packages/PyInstaller/hooks/rthooks/pyi_rth_pkgres.py'
38365 INFO: Including run-time hook '/home/alteralsace/.local/lib/python3.10/site-packages/PyInstaller/hooks/rthooks/pyi_rth_pyside6.py'
38413 INFO: Compiling collected GLib schema files in '/var/www/projects/searchDoubleDataInXLS/duplicate-finder/build/duplicate-finder/_pyi_gschema_compilation'...
38468 INFO: Looking for dynamic libraries
42593 INFO: Warnings written to /var/www/projects/searchDoubleDataInXLS/duplicate-finder/build/duplicate-finder/warn-duplicate-finder.txt
42729 INFO: Graph cross-reference written to /var/www/projects/searchDoubleDataInXLS/duplicate-finder/build/duplicate-finder/xref-duplicate-finder.html
42794 INFO: checking PYZ
42794 INFO: Building PYZ because PYZ-00.toc is non existent
42794 INFO: Building PYZ (ZlibArchive) /var/www/projects/searchDoubleDataInXLS/duplicate-finder/build/duplicate-finder/PYZ-00.pyz
45141 INFO: Building PYZ (ZlibArchive) /var/www/projects/searchDoubleDataInXLS/duplicate-finder/build/duplicate-finder/PYZ-00.pyz completed successfully.
45208 INFO: checking PKG
45208 INFO: Building PKG because PKG-00.toc is non existent
45208 INFO: Building PKG (CArchive) duplicate-finder.pkg
Traceback (most recent call last):
  File "/usr/lib/python3.10/runpy.py", line 196, in _run_module_as_main
    return _run_code(code, main_globals, None,
  File "/usr/lib/python3.10/runpy.py", line 86, in _run_code
    exec(code, run_globals)
  File "/home/alteralsace/.local/lib/python3.10/site-packages/PyInstaller/__main__.py", line 308, in <module>
    run()
  File "/home/alteralsace/.local/lib/python3.10/site-packages/PyInstaller/__main__.py", line 215, in run
    run_build(pyi_config, spec_file, **vars(args))
  File "/home/alteralsace/.local/lib/python3.10/site-packages/PyInstaller/__main__.py", line 70, in run_build
    PyInstaller.building.build_main.main(pyi_config, spec_file, **kwargs)
  File "/home/alteralsace/.local/lib/python3.10/site-packages/PyInstaller/building/build_main.py", line 1216, in main
    build(specfile, distpath, workpath, clean_build)
  File "/home/alteralsace/.local/lib/python3.10/site-packages/PyInstaller/building/build_main.py", line 1156, in build
    exec(code, spec_namespace)
  File "/var/www/projects/searchDoubleDataInXLS/duplicate-finder/duplicate-finder.spec", line 19, in <module>
    exe = EXE(
  File "/home/alteralsace/.local/lib/python3.10/site-packages/PyInstaller/building/api.py", line 634, in __init__
    self.pkg = PKG(
  File "/home/alteralsace/.local/lib/python3.10/site-packages/PyInstaller/building/api.py", line 254, in __init__
    self.__postinit__()
  File "/home/alteralsace/.local/lib/python3.10/site-packages/PyInstaller/building/datastruct.py", line 184, in __postinit__
    self.assemble()
  File "/home/alteralsace/.local/lib/python3.10/site-packages/PyInstaller/building/api.py", line 354, in assemble
    CArchiveWriter(self.name, bootstrap_toc + archive_toc, pylib_name=self.python_lib_name)
  File "/home/alteralsace/.local/lib/python3.10/site-packages/PyInstaller/archive/writers.py", line 141, in __init__
    toc_entry = self._write_entry(fp, entry)
  File "/home/alteralsace/.local/lib/python3.10/site-packages/PyInstaller/archive/writers.py", line 233, in _write_entry
    return self._write_file(fp, src_name, dest_name, typecode, compress=compress)
  File "/home/alteralsace/.local/lib/python3.10/site-packages/PyInstaller/archive/writers.py", line 253, in _write_file
    data_length = os.stat(src_name).st_size
FileNotFoundError: [Errno 2] No such file or directory: '/var/www/projects/searchDoubleDataInXLS/duplicate-finder/build/duplicate-finder/_pyi_gschema_compilation/gschemas.compiled'
